{"meta": {"format": 3, "version": "7.13.4", "timestamp": "2026-03-13T19:44:07.173095", "branch_coverage": false, "show_contexts": false}, "files": {"src/voice_input/dbus_service.py": {"executed_lines": [10, 11, 12, 13, 15, 16, 17, 18, 19, 21, 25, 27, 29, 30, 33, 36, 52, 53, 54, 55, 56, 58, 59, 66, 68, 70, 71, 72, 74, 75, 76, 77, 78, 79, 81, 83, 84, 91, 93, 95, 96, 97, 99, 100, 101, 106, 108, 112, 113, 118, 127, 144, 145, 151, 152, 153, 154, 155, 156, 157, 159, 161, 162, 163, 165, 167, 170, 178, 181, 184, 186, 187, 193, 194, 196, 197, 203, 205, 206, 208, 209, 211, 214, 217, 219, 220, 222, 223, 225, 226, 228, 229, 231], "summary": {"covered_lines": 93, "num_statements": 100, "percent_covered": 93.0, "percent_covered_display": "93", "missing_lines": 7, "excluded_lines": 0, "percent_statements_covered": 93.0, "percent_statements_covered_display": "93"}, "missing_lines": [22, 23, 102, 103, 104, 114, 115], "excluded_lines": [], "functions": {"ActivationInterface.__init__": {"executed_lines": [52, 53, 54, 55, 56], "summary": {"covered_lines": 5, "num_statements": 5, "percent_covered": 100.0, "percent_covered_display": "100", "missing_lines": 0, "excluded_lines": 0, "percent_statements_covered": 100.0, "percent_statements_covered_display": "100"}, "missing_lines": [], "excluded_lines": [], "start_line": 36}, "ActivationInterface.Toggle": {"executed_lines": [66, 68, 70, 71, 72, 74, 75, 76, 77, 78, 79, 81], "summary": {"covered_lines": 12, "num_statements": 12, "percent_covered": 100.0, "percent_covered_display": "100", "missing_lines": 0, "excluded_lines": 0, "percent_statements_covered": 100.0, "percent_statements_covered_display": "100"}, "missing_lines": [], "excluded_lines": [], "start_line": 59}, "ActivationInterface.Quit": {"executed_lines": [91, 93, 95, 96, 97, 99, 100, 101, 106], "summary": {"covered_lines": 9, "num_statements": 12, "percent_covered": 75.0, "percent_covered_display": "75", "missing_lines": 3, "excluded_lines": 0, "percent_statements_covered": 75.0, "percent_statements_covered_display": "75"}, "missing_lines": [102, 103, 104], "excluded_lines": [], "start_line": 84}, "ActivationInterface._call_callback": {"executed_lines": [112, 113], "summary": {"covered_lines": 2, "num_statements": 4, "percent_covered": 50.0, "percent_covered_display": "50", "missing_lines": 2, "excluded_lines": 0, "percent_statements_covered": 50.0, "percent_statements_covered_display": "50"}, "missing_lines": [114, 115], "excluded_lines": [], "start_line": 108}, "ActivationService.__init__": {"executed_lines": [144, 145, 151, 152, 153, 154, 155, 156, 157], "summary": {"covered_lines": 9, "num_statements": 9, "percent_covered": 100.0, "percent_covered_display": "100", "missing_lines": 0, "excluded_lines": 0, "percent_statements_covered": 100.0, "percent_statements_covered_display": "100"}, "missing_lines": [], "excluded_lines": [], "start_line": 127}, "ActivationService.start": {"executed_lines": [161, 162, 163, 165, 167, 170, 178, 181, 184, 186, 187, 193, 194, 196, 197], "summary": {"covered_lines": 15, "num_statements": 15, "percent_covered": 100.0, "percent_covered_display": "100", "missing_lines": 0, "excluded_lines": 0, "percent_statements_covered": 100.0, "percent_statements_covered_display": "100"}, "missing_lines": [], "excluded_lines": [], "start_line": 159}, "ActivationService.stop": {"executed_lines": [205, 206, 208, 209, 211, 214, 217, 219, 220, 222, 223, 225, 226], "summary": {"covered_lines": 13, "num_statements": 13, "percent_covered": 100.0, "percent_covered_display": "100", "missing_lines": 0, "excluded_lines": 0, "percent_statements_covered": 100.0, "percent_statements_covered_display": "100"}, "missing_lines": [], "excluded_lines": [], "start_line": 203}, "ActivationService.is_running": {"executed_lines": [231], "summary": {"covered_lines": 1, "num_statements": 1, "percent_covered": 100.0, "percent_covered_display": "100", "missing_lines": 0, "excluded_lines": 0, "percent_statements_covered": 100.0, "percent_statements_covered_display": "100"}, "missing_lines": [], "excluded_lines": [], "start_line": 229}, "": {"executed_lines": [10, 11, 12, 13, 15, 16, 17, 18, 19, 21, 25, 27, 29, 30, 33, 36, 58, 59, 83, 84, 108, 118, 127, 159, 203, 228, 229], "summary": {"covered_lines": 27, "num_statements": 29, "percent_covered": 93.10344827586206, "percent_covered_display": "93", "missing_lines": 2, "excluded_lines": 0, "percent_statements_covered": 93.10344827586206, "percent_statements_covered_display": "93"}, "missing_lines": [22, 23], "excluded_lines": [], "start_line": 1}}, "classes": {"ActivationInterface": {"executed_lines": [52, 53, 54, 55, 56, 66, 68, 70, 71, 72, 74, 75, 76, 77, 78, 79, 81, 91, 93, 95, 96, 97, 99, 100, 101, 106, 112, 113], "summary": {"covered_lines": 28, "num_statements": 33, "percent_covered": 84.84848484848484, "percent_covered_display": "85", "missing_lines": 5, "excluded_lines": 0, "percent_statements_covered": 84.84848484848484, "percent_statements_covered_display": "85"}, "missing_lines": [102, 103, 104, 114, 115], "excluded_lines": [], "start_line": 33}, "ActivationService": {"executed_lines": [144, 145, 151, 152, 153, 154, 155, 156, 157, 161, 162, 163, 165, 167, 170, 178, 181, 184, 186, 187, 193, 194, 196, 197, 205, 206, 208, 209, 211, 214, 217, 219, 220, 222, 223, 225, 226, 231], "summary": {"covered_lines": 38, "num_statements": 38, "percent_covered": 100.0, "percent_covered_display": "100", "missing_lines": 0, "excluded_lines": 0, "percent_statements_covered": 100.0, "percent_statements_covered_display": "100"}, "missing_lines": [], "excluded_lines": [], "start_line": 118}, "": {"executed_lines": [10, 11, 12, 13, 15, 16, 17, 18, 19, 21, 25, 27, 29, 30, 33, 36, 58, 59, 83, 84, 108, 118, 127, 159, 203, 228, 229], "summary": {"covered_lines": 27, "num_statements": 29, "percent_covered": 93.10344827586206, "percent_covered_display": "93", "missing_lines": 2, "excluded_lines": 0, "percent_statements_covered": 93.10344827586206, "percent_statements_covered_display": "93"}, "missing_lines": [22, 23], "excluded_lines": [], "start_line": 1}}}}, "totals": {"covered_lines": 93, "num_statements": 100, "percent_covered": 93.0, "percent_covered_display": "93", "missing_lines": 7, "excluded_lines": 0, "percent_statements_covered": 93.0, "percent_statements_covered_display": "93"}}
